{"/Users/joey/Programming/node-playground/frankcode/opencode-auto-reviewer/src/config.ts": {"path":"/Users/joey/Programming/node-playground/frankcode/opencode-auto-reviewer/src/config.ts","statementMap":{"0":{"start":{"line":4,"column":2},"end":{"line":8,"column":null}}},"fnMap":{"0":{"name":"resolveOptions","decl":{"start":{"line":3,"column":16},"end":{"line":3,"column":31}},"loc":{"start":{"line":3,"column":79},"end":{"line":8,"column":null}},"line":3}},"branchMap":{"0":{"loc":{"start":{"line":5,"column":25},"end":{"line":5,"column":null}},"type":"binary-expr","locations":[{"start":{"line":5,"column":25},"end":{"line":5,"column":57}},{"start":{"line":5,"column":57},"end":{"line":5,"column":null}}],"line":5},"1":{"loc":{"start":{"line":6,"column":25},"end":{"line":6,"column":null}},"type":"binary-expr","locations":[{"start":{"line":6,"column":25},"end":{"line":6,"column":57}},{"start":{"line":6,"column":57},"end":{"line":6,"column":null}}],"line":6},"2":{"loc":{"start":{"line":7,"column":11},"end":{"line":7,"column":null}},"type":"binary-expr","locations":[{"start":{"line":7,"column":11},"end":{"line":7,"column":29}},{"start":{"line":7,"column":29},"end":{"line":7,"column":null}}],"line":7}},"s":{"0":36},"f":{"0":36},"b":{"0":[36,32],"1":[36,33],"2":[36,35]},"meta":{"lastBranch":3,"lastFunction":1,"lastStatement":1,"seen":{"f:3:16:3:31":0,"s:4:2:8:Infinity":0,"b:5:25:5:57:5:57:5:Infinity":0,"b:6:25:6:57:6:57:6:Infinity":1,"b:7:11:7:29:7:29:7:Infinity":2}}}
,"/Users/joey/Programming/node-playground/frankcode/opencode-auto-reviewer/src/hooks.ts": {"path":"/Users/joey/Programming/node-playground/frankcode/opencode-auto-reviewer/src/hooks.ts","statementMap":{"0":{"start":{"line":7,"column":2},"end":{"line":59,"column":null}},"1":{"start":{"line":12,"column":6},"end":{"line":18,"column":null}},"2":{"start":{"line":13,"column":8},"end":{"line":18,"column":null}},"3":{"start":{"line":17,"column":10},"end":{"line":17,"column":null}},"4":{"start":{"line":18,"column":10},"end":{"line":18,"column":null}},"5":{"start":{"line":22,"column":6},"end":{"line":27,"column":null}},"6":{"start":{"line":23,"column":25},"end":{"line":23,"column":null}},"7":{"start":{"line":24,"column":8},"end":{"line":24,"column":null}},"8":{"start":{"line":25,"column":8},"end":{"line":25,"column":null}},"9":{"start":{"line":26,"column":8},"end":{"line":26,"column":null}},"10":{"start":{"line":27,"column":8},"end":{"line":27,"column":null}},"11":{"start":{"line":30,"column":22},"end":{"line":30,"column":56}},"12":{"start":{"line":31,"column":6},"end":{"line":31,"column":null}},"13":{"start":{"line":37,"column":6},"end":{"line":37,"column":null}},"14":{"start":{"line":40,"column":20},"end":{"line":40,"column":null}},"15":{"start":{"line":41,"column":6},"end":{"line":41,"column":null}},"16":{"start":{"line":41,"column":50},"end":{"line":41,"column":null}},"17":{"start":{"line":42,"column":19},"end":{"line":42,"column":null}},"18":{"start":{"line":43,"column":6},"end":{"line":43,"column":null}},"19":{"start":{"line":43,"column":40},"end":{"line":43,"column":null}},"20":{"start":{"line":45,"column":6},"end":{"line":45,"column":null}},"21":{"start":{"line":46,"column":24},"end":{"line":46,"column":null}},"22":{"start":{"line":47,"column":6},"end":{"line":47,"column":null}},"23":{"start":{"line":49,"column":6},"end":{"line":49,"column":null}},"24":{"start":{"line":50,"column":6},"end":{"line":50,"column":null}},"25":{"start":{"line":52,"column":6},"end":{"line":56,"column":null}},"26":{"start":{"line":53,"column":29},"end":{"line":53,"column":51}},"27":{"start":{"line":54,"column":8},"end":{"line":54,"column":null}},"28":{"start":{"line":56,"column":8},"end":{"line":56,"column":null}}},"fnMap":{"0":{"name":"createHooks","decl":{"start":{"line":6,"column":16},"end":{"line":6,"column":28}},"loc":{"start":{"line":6,"column":66},"end":{"line":59,"column":null}},"line":6},"1":{"name":"(anonymous_1)","decl":{"start":{"line":8,"column":27},"end":{"line":8,"column":null}},"loc":{"start":{"line":11,"column":9},"end":{"line":31,"column":null}},"line":11},"2":{"name":"(anonymous_2)","decl":{"start":{"line":33,"column":26},"end":{"line":33,"column":null}},"loc":{"start":{"line":36,"column":9},"end":{"line":37,"column":null}},"line":36},"3":{"name":"(anonymous_3)","decl":{"start":{"line":39,"column":11},"end":{"line":39,"column":18}},"loc":{"start":{"line":39,"column":44},"end":{"line":56,"column":null}},"line":39},"4":{"name":"(anonymous_4)","decl":{"start":{"line":56,"column":54},"end":{"line":56,"column":66}},"loc":{"start":{"line":56,"column":66},"end":{"line":56,"column":69}},"line":56}},"branchMap":{"0":{"loc":{"start":{"line":12,"column":6},"end":{"line":18,"column":null}},"type":"if","locations":[{"start":{"line":12,"column":6},"end":{"line":18,"column":null}},{"start":{},"end":{}}],"line":12},"1":{"loc":{"start":{"line":13,"column":8},"end":{"line":18,"column":null}},"type":"if","locations":[{"start":{"line":13,"column":8},"end":{"line":18,"column":null}},{"start":{},"end":{}}],"line":13},"2":{"loc":{"start":{"line":14,"column":10},"end":{"line":15,"column":null}},"type":"binary-expr","locations":[{"start":{"line":14,"column":10},"end":{"line":14,"column":null}},{"start":{"line":15,"column":10},"end":{"line":15,"column":null}}],"line":14},"3":{"loc":{"start":{"line":22,"column":6},"end":{"line":27,"column":null}},"type":"if","locations":[{"start":{"line":22,"column":6},"end":{"line":27,"column":null}},{"start":{},"end":{}}],"line":22},"4":{"loc":{"start":{"line":30,"column":37},"end":{"line":30,"column":55}},"type":"binary-expr","locations":[{"start":{"line":30,"column":37},"end":{"line":30,"column":53}},{"start":{"line":30,"column":53},"end":{"line":30,"column":55}}],"line":30},"5":{"loc":{"start":{"line":37,"column":48},"end":{"line":37,"column":71}},"type":"binary-expr","locations":[{"start":{"line":37,"column":48},"end":{"line":37,"column":66}},{"start":{"line":37,"column":66},"end":{"line":37,"column":71}}],"line":37},"6":{"loc":{"start":{"line":41,"column":6},"end":{"line":41,"column":null}},"type":"if","locations":[{"start":{"line":41,"column":6},"end":{"line":41,"column":null}},{"start":{},"end":{}}],"line":41},"7":{"loc":{"start":{"line":42,"column":19},"end":{"line":42,"column":null}},"type":"binary-expr","locations":[{"start":{"line":42,"column":19},"end":{"line":42,"column":34}},{"start":{"line":42,"column":34},"end":{"line":42,"column":null}}],"line":42},"8":{"loc":{"start":{"line":43,"column":6},"end":{"line":43,"column":null}},"type":"if","locations":[{"start":{"line":43,"column":6},"end":{"line":43,"column":null}},{"start":{},"end":{}}],"line":43},"9":{"loc":{"start":{"line":46,"column":24},"end":{"line":46,"column":null}},"type":"binary-expr","locations":[{"start":{"line":46,"column":24},"end":{"line":46,"column":43}},{"start":{"line":46,"column":43},"end":{"line":46,"column":null}}],"line":46},"10":{"loc":{"start":{"line":52,"column":6},"end":{"line":56,"column":null}},"type":"if","locations":[{"start":{"line":52,"column":6},"end":{"line":56,"column":null}},{"start":{},"end":{}}],"line":52},"11":{"loc":{"start":{"line":52,"column":10},"end":{"line":52,"column":95}},"type":"binary-expr","locations":[{"start":{"line":52,"column":10},"end":{"line":52,"column":75}},{"start":{"line":52,"column":75},"end":{"line":52,"column":95}}],"line":52}},"s":{"0":11,"1":9,"2":5,"3":1,"4":1,"5":9,"6":4,"7":4,"8":4,"9":4,"10":4,"11":5,"12":9,"13":3,"14":5,"15":5,"16":1,"17":4,"18":5,"19":1,"20":3,"21":3,"22":5,"23":5,"24":5,"25":5,"26":1,"27":1,"28":1},"f":{"0":11,"1":9,"2":3,"3":5,"4":1},"b":{"0":[5,4],"1":[1,4],"2":[5,2],"3":[4,5],"4":[5,1],"5":[3,2],"6":[1,4],"7":[4,4],"8":[1,4],"9":[3,1],"10":[1,4],"11":[5,2]},"meta":{"lastBranch":12,"lastFunction":5,"lastStatement":29,"seen":{"f:6:16:6:28":0,"s:7:2:59:Infinity":0,"f:8:27:8:Infinity":1,"b:12:6:18:Infinity:undefined:undefined:undefined:undefined":0,"s:12:6:18:Infinity":1,"b:13:8:18:Infinity:undefined:undefined:undefined:undefined":1,"s:13:8:18:Infinity":2,"b:14:10:14:Infinity:15:10:15:Infinity":2,"s:17:10:17:Infinity":3,"s:18:10:18:Infinity":4,"b:22:6:27:Infinity:undefined:undefined:undefined:undefined":3,"s:22:6:27:Infinity":5,"s:23:25:23:Infinity":6,"s:24:8:24:Infinity":7,"s:25:8:25:Infinity":8,"s:26:8:26:Infinity":9,"s:27:8:27:Infinity":10,"s:30:22:30:56":11,"b:30:37:30:53:30:53:30:55":4,"s:31:6:31:Infinity":12,"f:33:26:33:Infinity":2,"s:37:6:37:Infinity":13,"b:37:48:37:66:37:66:37:71":5,"f:39:11:39:18":3,"s:40:20:40:Infinity":14,"b:41:6:41:Infinity:undefined:undefined:undefined:undefined":6,"s:41:6:41:Infinity":15,"s:41:50:41:Infinity":16,"s:42:19:42:Infinity":17,"b:42:19:42:34:42:34:42:Infinity":7,"b:43:6:43:Infinity:undefined:undefined:undefined:undefined":8,"s:43:6:43:Infinity":18,"s:43:40:43:Infinity":19,"s:45:6:45:Infinity":20,"s:46:24:46:Infinity":21,"b:46:24:46:43:46:43:46:Infinity":9,"s:47:6:47:Infinity":22,"s:49:6:49:Infinity":23,"s:50:6:50:Infinity":24,"b:52:6:56:Infinity:undefined:undefined:undefined:undefined":10,"s:52:6:56:Infinity":25,"b:52:10:52:75:52:75:52:95":11,"s:53:29:53:51":26,"s:54:8:54:Infinity":27,"s:56:8:56:Infinity":28,"f:56:54:56:66":4}}}
,"/Users/joey/Programming/node-playground/frankcode/opencode-auto-reviewer/src/index.ts": {"path":"/Users/joey/Programming/node-playground/frankcode/opencode-auto-reviewer/src/index.ts","statementMap":{"0":{"start":{"line":7,"column":21},"end":{"line":10,"column":null}},"1":{"start":{"line":8,"column":8},"end":{"line":8,"column":42}},"2":{"start":{"line":9,"column":8},"end":{"line":9,"column":37}},"3":{"start":{"line":10,"column":2},"end":{"line":10,"column":null}}},"fnMap":{"0":{"name":"(anonymous_0)","decl":{"start":{"line":7,"column":21},"end":{"line":7,"column":28}},"loc":{"start":{"line":7,"column":96},"end":{"line":10,"column":null}},"line":7}},"branchMap":{},"s":{"0":1,"1":1,"2":1,"3":1},"f":{"0":1},"b":{},"meta":{"lastBranch":0,"lastFunction":1,"lastStatement":4,"seen":{"s:7:21:10:Infinity":0,"f:7:21:7:28":0,"s:8:8:8:42":1,"s:9:8:9:37":2,"s:10:2:10:Infinity":3}}}
,"/Users/joey/Programming/node-playground/frankcode/opencode-auto-reviewer/src/review.ts": {"path":"/Users/joey/Programming/node-playground/frankcode/opencode-auto-reviewer/src/review.ts","statementMap":{"0":{"start":{"line":5,"column":21},"end":{"line":7,"column":17}},"1":{"start":{"line":6,"column":19},"end":{"line":6,"column":96}},"2":{"start":{"line":9,"column":2},"end":{"line":20,"column":null}},"3":{"start":{"line":24,"column":2},"end":{"line":24,"column":null}},"4":{"start":{"line":24,"column":39},"end":{"line":24,"column":null}},"5":{"start":{"line":25,"column":2},"end":{"line":29,"column":null}},"6":{"start":{"line":26,"column":17},"end":{"line":26,"column":35}},"7":{"start":{"line":27,"column":14},"end":{"line":27,"column":27}},"8":{"start":{"line":33,"column":2},"end":{"line":54,"column":null}},"9":{"start":{"line":34,"column":20},"end":{"line":34,"column":31}},"10":{"start":{"line":35,"column":4},"end":{"line":38,"column":null}},"11":{"start":{"line":36,"column":6},"end":{"line":36,"column":null}},"12":{"start":{"line":37,"column":11},"end":{"line":38,"column":null}},"13":{"start":{"line":38,"column":6},"end":{"line":38,"column":null}},"14":{"start":{"line":40,"column":4},"end":{"line":41,"column":null}},"15":{"start":{"line":41,"column":6},"end":{"line":41,"column":null}},"16":{"start":{"line":44,"column":19},"end":{"line":44,"column":47}},"17":{"start":{"line":45,"column":4},"end":{"line":50,"column":null}},"18":{"start":{"line":46,"column":31},"end":{"line":46,"column":null}},"19":{"start":{"line":47,"column":6},"end":{"line":48,"column":null}},"20":{"start":{"line":47,"column":38},"end":{"line":47,"column":null}},"21":{"start":{"line":48,"column":11},"end":{"line":48,"column":null}},"22":{"start":{"line":48,"column":46},"end":{"line":48,"column":null}},"23":{"start":{"line":50,"column":6},"end":{"line":50,"column":null}},"24":{"start":{"line":52,"column":4},"end":{"line":52,"column":null}},"25":{"start":{"line":54,"column":4},"end":{"line":54,"column":null}},"26":{"start":{"line":59,"column":2},"end":{"line":59,"column":null}},"27":{"start":{"line":60,"column":33},"end":{"line":60,"column":null}},"28":{"start":{"line":61,"column":2},"end":{"line":127,"column":null}},"29":{"start":{"line":62,"column":23},"end":{"line":62,"column":58}},"30":{"start":{"line":64,"column":23},"end":{"line":64,"column":90}},"31":{"start":{"line":65,"column":4},"end":{"line":66,"column":null}},"32":{"start":{"line":66,"column":6},"end":{"line":66,"column":null}},"33":{"start":{"line":68,"column":4},"end":{"line":68,"column":null}},"34":{"start":{"line":70,"column":25},"end":{"line":70,"column":null}},"35":{"start":{"line":81,"column":22},"end":{"line":89,"column":6}},"36":{"start":{"line":91,"column":4},"end":{"line":92,"column":null}},"37":{"start":{"line":92,"column":6},"end":{"line":92,"column":null}},"38":{"start":{"line":95,"column":25},"end":{"line":95,"column":67}},"39":{"start":{"line":96,"column":19},"end":{"line":96,"column":50}},"40":{"start":{"line":98,"column":4},"end":{"line":99,"column":null}},"41":{"start":{"line":99,"column":6},"end":{"line":99,"column":null}},"42":{"start":{"line":102,"column":4},"end":{"line":115,"column":null}},"43":{"start":{"line":103,"column":49},"end":{"line":107,"column":null}},"44":{"start":{"line":109,"column":19},"end":{"line":109,"column":null}},"45":{"start":{"line":110,"column":6},"end":{"line":111,"column":null}},"46":{"start":{"line":111,"column":8},"end":{"line":111,"column":null}},"47":{"start":{"line":114,"column":6},"end":{"line":114,"column":null}},"48":{"start":{"line":115,"column":6},"end":{"line":115,"column":null}},"49":{"start":{"line":118,"column":4},"end":{"line":118,"column":null}},"50":{"start":{"line":120,"column":4},"end":{"line":124,"column":null}},"51":{"start":{"line":121,"column":6},"end":{"line":124,"column":null}},"52":{"start":{"line":122,"column":8},"end":{"line":122,"column":null}},"53":{"start":{"line":124,"column":8},"end":{"line":124,"column":null}},"54":{"start":{"line":127,"column":4},"end":{"line":127,"column":null}}},"fnMap":{"0":{"name":"buildTrajectoryPrompt","decl":{"start":{"line":4,"column":16},"end":{"line":4,"column":38}},"loc":{"start":{"line":4,"column":81},"end":{"line":20,"column":null}},"line":4},"1":{"name":"(anonymous_1)","decl":{"start":{"line":6,"column":5},"end":{"line":6,"column":10}},"loc":{"start":{"line":6,"column":19},"end":{"line":6,"column":96}},"line":6},"2":{"name":"extractTextFromParts","decl":{"start":{"line":23,"column":16},"end":{"line":23,"column":37}},"loc":{"start":{"line":23,"column":71},"end":{"line":29,"column":null}},"line":23},"3":{"name":"(anonymous_3)","decl":{"start":{"line":26,"column":5},"end":{"line":26,"column":12}},"loc":{"start":{"line":26,"column":17},"end":{"line":26,"column":35}},"line":26},"4":{"name":"(anonymous_4)","decl":{"start":{"line":27,"column":5},"end":{"line":27,"column":9}},"loc":{"start":{"line":27,"column":14},"end":{"line":27,"column":27}},"line":27},"5":{"name":"parseReviewResult","decl":{"start":{"line":32,"column":16},"end":{"line":32,"column":34}},"loc":{"start":{"line":32,"column":111},"end":{"line":54,"column":null}},"line":32},"6":{"name":"runReviewBackground","decl":{"start":{"line":58,"column":22},"end":{"line":58,"column":42}},"loc":{"start":{"line":58,"column":110},"end":{"line":127,"column":null}},"line":58}},"branchMap":{"0":{"loc":{"start":{"line":24,"column":2},"end":{"line":24,"column":null}},"type":"if","locations":[{"start":{"line":24,"column":2},"end":{"line":24,"column":null}},{"start":{},"end":{}}],"line":24},"1":{"loc":{"start":{"line":24,"column":6},"end":{"line":24,"column":37}},"type":"binary-expr","locations":[{"start":{"line":24,"column":6},"end":{"line":24,"column":16}},{"start":{"line":24,"column":16},"end":{"line":24,"column":37}}],"line":24},"2":{"loc":{"start":{"line":27,"column":14},"end":{"line":27,"column":27}},"type":"binary-expr","locations":[{"start":{"line":27,"column":14},"end":{"line":27,"column":24}},{"start":{"line":27,"column":24},"end":{"line":27,"column":27}}],"line":27},"3":{"loc":{"start":{"line":35,"column":4},"end":{"line":38,"column":null}},"type":"if","locations":[{"start":{"line":35,"column":4},"end":{"line":38,"column":null}},{"start":{"line":37,"column":11},"end":{"line":38,"column":null}}],"line":35},"4":{"loc":{"start":{"line":37,"column":11},"end":{"line":38,"column":null}},"type":"if","locations":[{"start":{"line":37,"column":11},"end":{"line":38,"column":null}},{"start":{},"end":{}}],"line":37},"5":{"loc":{"start":{"line":40,"column":4},"end":{"line":41,"column":null}},"type":"if","locations":[{"start":{"line":40,"column":4},"end":{"line":41,"column":null}},{"start":{},"end":{}}],"line":40},"6":{"loc":{"start":{"line":45,"column":4},"end":{"line":50,"column":null}},"type":"if","locations":[{"start":{"line":45,"column":4},"end":{"line":50,"column":null}},{"start":{},"end":{}}],"line":45},"7":{"loc":{"start":{"line":45,"column":8},"end":{"line":45,"column":80}},"type":"binary-expr","locations":[{"start":{"line":45,"column":8},"end":{"line":45,"column":45}},{"start":{"line":45,"column":45},"end":{"line":45,"column":80}}],"line":45},"8":{"loc":{"start":{"line":47,"column":6},"end":{"line":48,"column":null}},"type":"if","locations":[{"start":{"line":47,"column":6},"end":{"line":48,"column":null}},{"start":{"line":48,"column":11},"end":{"line":48,"column":null}}],"line":47},"9":{"loc":{"start":{"line":48,"column":11},"end":{"line":48,"column":null}},"type":"if","locations":[{"start":{"line":48,"column":11},"end":{"line":48,"column":null}},{"start":{},"end":{}}],"line":48},"10":{"loc":{"start":{"line":65,"column":4},"end":{"line":66,"column":null}},"type":"if","locations":[{"start":{"line":65,"column":4},"end":{"line":66,"column":null}},{"start":{},"end":{}}],"line":65},"11":{"loc":{"start":{"line":65,"column":8},"end":{"line":65,"column":49}},"type":"binary-expr","locations":[{"start":{"line":65,"column":8},"end":{"line":65,"column":28}},{"start":{"line":65,"column":28},"end":{"line":65,"column":49}}],"line":65},"12":{"loc":{"start":{"line":91,"column":4},"end":{"line":92,"column":null}},"type":"if","locations":[{"start":{"line":91,"column":4},"end":{"line":92,"column":null}},{"start":{},"end":{}}],"line":91},"13":{"loc":{"start":{"line":98,"column":4},"end":{"line":99,"column":null}},"type":"if","locations":[{"start":{"line":98,"column":4},"end":{"line":99,"column":null}},{"start":{},"end":{}}],"line":98},"14":{"loc":{"start":{"line":102,"column":4},"end":{"line":115,"column":null}},"type":"if","locations":[{"start":{"line":102,"column":4},"end":{"line":115,"column":null}},{"start":{},"end":{}}],"line":102},"15":{"loc":{"start":{"line":110,"column":6},"end":{"line":111,"column":null}},"type":"if","locations":[{"start":{"line":110,"column":6},"end":{"line":111,"column":null}},{"start":{},"end":{}}],"line":110},"16":{"loc":{"start":{"line":120,"column":4},"end":{"line":124,"column":null}},"type":"if","locations":[{"start":{"line":120,"column":4},"end":{"line":124,"column":null}},{"start":{},"end":{}}],"line":120}},"s":{"0":22,"1":12,"2":22,"3":17,"4":1,"5":16,"6":16,"7":15,"8":17,"9":17,"10":17,"11":1,"12":16,"13":1,"14":17,"15":2,"16":17,"17":17,"18":12,"19":12,"20":2,"21":10,"22":2,"23":12,"24":1,"25":4,"26":21,"27":21,"28":21,"29":21,"30":21,"31":20,"32":1,"33":19,"34":19,"35":19,"36":18,"37":1,"38":17,"39":17,"40":17,"41":5,"42":12,"43":11,"44":11,"45":11,"46":2,"47":11,"48":11,"49":9,"50":21,"51":19,"52":19,"53":1,"54":21},"f":{"0":22,"1":12,"2":17,"3":16,"4":15,"5":17,"6":21},"b":{"0":[1,16],"1":[17,16],"2":[15,1],"3":[1,16],"4":[1,15],"5":[2,15],"6":[12,5],"7":[17,13],"8":[2,10],"9":[2,8],"10":[1,19],"11":[20,19],"12":[1,17],"13":[5,12],"14":[11,1],"15":[2,9],"16":[19,2]},"meta":{"lastBranch":17,"lastFunction":7,"lastStatement":55,"seen":{"f:4:16:4:38":0,"s:5:21:7:17":0,"f:6:5:6:10":1,"s:6:19:6:96":1,"s:9:2:20:Infinity":2,"f:23:16:23:37":2,"b:24:2:24:Infinity:undefined:undefined:undefined:undefined":0,"s:24:2:24:Infinity":3,"b:24:6:24:16:24:16:24:37":1,"s:24:39:24:Infinity":4,"s:25:2:29:Infinity":5,"f:26:5:26:12":3,"s:26:17:26:35":6,"f:27:5:27:9":4,"s:27:14:27:27":7,"b:27:14:27:24:27:24:27:27":2,"f:32:16:32:34":5,"s:33:2:54:Infinity":8,"s:34:20:34:31":9,"b:35:4:38:Infinity:37:11:38:Infinity":3,"s:35:4:38:Infinity":10,"s:36:6:36:Infinity":11,"b:37:11:38:Infinity:undefined:undefined:undefined:undefined":4,"s:37:11:38:Infinity":12,"s:38:6:38:Infinity":13,"b:40:4:41:Infinity:undefined:undefined:undefined:undefined":5,"s:40:4:41:Infinity":14,"s:41:6:41:Infinity":15,"s:44:19:44:47":16,"b:45:4:50:Infinity:undefined:undefined:undefined:undefined":6,"s:45:4:50:Infinity":17,"b:45:8:45:45:45:45:45:80":7,"s:46:31:46:Infinity":18,"b:47:6:48:Infinity:48:11:48:Infinity":8,"s:47:6:48:Infinity":19,"s:47:38:47:Infinity":20,"b:48:11:48:Infinity:undefined:undefined:undefined:undefined":9,"s:48:11:48:Infinity":21,"s:48:46:48:Infinity":22,"s:50:6:50:Infinity":23,"s:52:4:52:Infinity":24,"s:54:4:54:Infinity":25,"f:58:22:58:42":6,"s:59:2:59:Infinity":26,"s:60:33:60:Infinity":27,"s:61:2:127:Infinity":28,"s:62:23:62:58":29,"s:64:23:64:90":30,"b:65:4:66:Infinity:undefined:undefined:undefined:undefined":10,"s:65:4:66:Infinity":31,"b:65:8:65:28:65:28:65:49":11,"s:66:6:66:Infinity":32,"s:68:4:68:Infinity":33,"s:70:25:70:Infinity":34,"s:81:22:89:6":35,"b:91:4:92:Infinity:undefined:undefined:undefined:undefined":12,"s:91:4:92:Infinity":36,"s:92:6:92:Infinity":37,"s:95:25:95:67":38,"s:96:19:96:50":39,"b:98:4:99:Infinity:undefined:undefined:undefined:undefined":13,"s:98:4:99:Infinity":40,"s:99:6:99:Infinity":41,"b:102:4:115:Infinity:undefined:undefined:undefined:undefined":14,"s:102:4:115:Infinity":42,"s:103:49:107:Infinity":43,"s:109:19:109:Infinity":44,"b:110:6:111:Infinity:undefined:undefined:undefined:undefined":15,"s:110:6:111:Infinity":45,"s:111:8:111:Infinity":46,"s:114:6:114:Infinity":47,"s:115:6:115:Infinity":48,"s:118:4:118:Infinity":49,"b:120:4:124:Infinity:undefined:undefined:undefined:undefined":16,"s:120:4:124:Infinity":50,"s:121:6:124:Infinity":51,"s:122:8:122:Infinity":52,"s:124:8:124:Infinity":53,"s:127:4:127:Infinity":54}}}
,"/Users/joey/Programming/node-playground/frankcode/opencode-auto-reviewer/src/state.ts": {"path":"/Users/joey/Programming/node-playground/frankcode/opencode-auto-reviewer/src/state.ts","statementMap":{"0":{"start":{"line":4,"column":2},"end":{"line":7,"column":null}},"1":{"start":{"line":11,"column":2},"end":{"line":20,"column":null}}},"fnMap":{"0":{"name":"createEmptyStep","decl":{"start":{"line":3,"column":16},"end":{"line":3,"column":40}},"loc":{"start":{"line":3,"column":40},"end":{"line":7,"column":null}},"line":3},"1":{"name":"createState","decl":{"start":{"line":10,"column":16},"end":{"line":10,"column":28}},"loc":{"start":{"line":10,"column":67},"end":{"line":20,"column":null}},"line":10}},"branchMap":{},"s":{"0":38,"1":34},"f":{"0":38,"1":34},"b":{},"meta":{"lastBranch":0,"lastFunction":2,"lastStatement":2,"seen":{"f:3:16:3:40":0,"s:4:2:7:Infinity":0,"f:10:16:10:28":1,"s:11:2:20:Infinity":1}}}
}
